<?xml version="1.0" encoding="UTF-8"?>
<!-- Generated by org.testng.reporters.JUnitXMLReporter -->
<testsuite ignored="0" hostname="Jagan" failures="0" tests="4" name="Test" time="9.876" errors="0" timestamp="2025-07-07T23:19:07 IST">
  <testcase classname="day8.CreateUser" name="createUser" time="5.576"/>
  <testcase classname="day8.GetUser" name="getUser" time="1.378"/>
  <testcase classname="day8.UpdateUser" name="updateUser" time="1.401"/>
  <testcase classname="day8.DeleteUser" name="deleteUser" time="1.425"/>
</testsuite> <!-- Test -->
