<?xml version="1.0" encoding="UTF-8"?>
<testng-results ignored="1" total="2" passed="1" failed="0" skipped="0">
  <reporter-output>
  </reporter-output>
  <suite started-at="2025-07-11T12:47:41 IST" name="Default suite" finished-at="2025-07-11T12:47:45 IST" duration-ms="3441">
    <groups>
    </groups>
    <test started-at="2025-07-11T12:47:41 IST" name="Default test" finished-at="2025-07-11T12:47:45 IST" duration-ms="3441">
      <class name="day3.HeadersDemo">
        <test-method signature="getAllHeaders()[pri:0, instance:day3.HeadersDemo@47eaca72]" started-at="2025-07-11T12:47:41 IST" name="getAllHeaders" finished-at="2025-07-11T12:47:45 IST" duration-ms="3350" status="PASS">
          <reporter-output>
          </reporter-output>
        </test-method> <!-- getAllHeaders -->
      </class> <!-- day3.HeadersDemo -->
    </test> <!-- Default test -->
  </suite> <!-- Default suite -->
</testng-results>
